<?xml version="1.0" encoding="UTF-8"?>
<testng-results skipped="0" failed="0" ignored="1" total="6" passed="5">
  <reporter-output>
  </reporter-output>
  <suite name="Suite" duration-ms="19298" started-at="2021-12-02T09:50:36 IST" finished-at="2021-12-02T09:50:55 IST">
    <groups>
    </groups>
    <test name="Test" duration-ms="19298" started-at="2021-12-02T09:50:36 IST" finished-at="2021-12-02T09:50:55 IST">
      <class name="APITEST.Demo_Testng">
        <test-method status="PASS" signature="BS()[pri:0, instance:APITEST.Demo_Testng@10d0686]" name="BS" is-config="true" duration-ms="15" started-at="2021-12-02T09:50:36 IST" finished-at="2021-12-02T09:50:36 IST">
          <reporter-output>
          </reporter-output>
        </test-method> <!-- BS -->
        <test-method status="PASS" signature="BT()[pri:0, instance:APITEST.Demo_Testng@10d0686]" name="BT" is-config="true" duration-ms="0" started-at="2021-12-02T09:50:36 IST" finished-at="2021-12-02T09:50:36 IST">
          <reporter-output>
          </reporter-output>
        </test-method> <!-- BT -->
        <test-method status="PASS" signature="BC()[pri:0, instance:APITEST.Demo_Testng@10d0686]" name="BC" is-config="true" duration-ms="1" started-at="2021-12-02T09:50:36 IST" finished-at="2021-12-02T09:50:36 IST">
          <reporter-output>
          </reporter-output>
        </test-method> <!-- BC -->
        <test-method status="PASS" signature="BM()[pri:0, instance:APITEST.Demo_Testng@10d0686]" name="BM" is-config="true" duration-ms="0" started-at="2021-12-02T09:50:36 IST" finished-at="2021-12-02T09:50:36 IST">
          <reporter-output>
          </reporter-output>
        </test-method> <!-- BM -->
        <test-method status="PASS" signature="testcase1()[pri:0, instance:APITEST.Demo_Testng@10d0686]" name="testcase1" duration-ms="8" started-at="2021-12-02T09:50:36 IST" finished-at="2021-12-02T09:50:36 IST">
          <reporter-output>
          </reporter-output>
        </test-method> <!-- testcase1 -->
        <test-method status="PASS" signature="AM()[pri:0, instance:APITEST.Demo_Testng@10d0686]" name="AM" is-config="true" duration-ms="0" started-at="2021-12-02T09:50:36 IST" finished-at="2021-12-02T09:50:36 IST">
          <reporter-output>
          </reporter-output>
        </test-method> <!-- AM -->
        <test-method status="PASS" signature="BM()[pri:0, instance:APITEST.Demo_Testng@10d0686]" name="BM" is-config="true" duration-ms="0" started-at="2021-12-02T09:50:36 IST" finished-at="2021-12-02T09:50:36 IST">
          <reporter-output>
          </reporter-output>
        </test-method> <!-- BM -->
        <test-method status="PASS" signature="tsetcase2()[pri:0, instance:APITEST.Demo_Testng@10d0686]" name="tsetcase2" duration-ms="6" started-at="2021-12-02T09:50:36 IST" finished-at="2021-12-02T09:50:36 IST">
          <reporter-output>
          </reporter-output>
        </test-method> <!-- tsetcase2 -->
        <test-method status="PASS" signature="AM()[pri:0, instance:APITEST.Demo_Testng@10d0686]" name="AM" is-config="true" duration-ms="2" started-at="2021-12-02T09:50:36 IST" finished-at="2021-12-02T09:50:36 IST">
          <reporter-output>
          </reporter-output>
        </test-method> <!-- AM -->
        <test-method status="PASS" signature="AC()[pri:0, instance:APITEST.Demo_Testng@10d0686]" name="AC" is-config="true" duration-ms="0" started-at="2021-12-02T09:50:36 IST" finished-at="2021-12-02T09:50:36 IST">
          <reporter-output>
          </reporter-output>
        </test-method> <!-- AC -->
        <test-method status="PASS" signature="AT()[pri:0, instance:APITEST.Demo_Testng@10d0686]" name="AT" is-config="true" duration-ms="0" started-at="2021-12-02T09:50:55 IST" finished-at="2021-12-02T09:50:55 IST">
          <reporter-output>
          </reporter-output>
        </test-method> <!-- AT -->
        <test-method status="PASS" signature="AS()[pri:0, instance:APITEST.Demo_Testng@10d0686]" name="AS" is-config="true" duration-ms="1" started-at="2021-12-02T09:50:55 IST" finished-at="2021-12-02T09:50:55 IST">
          <reporter-output>
          </reporter-output>
        </test-method> <!-- AS -->
      </class> <!-- APITEST.Demo_Testng -->
      <class name="APITEST.E_commerce">
        <test-method status="PASS" signature="login()[pri:1, instance:APITEST.E_commerce@1440df3]" name="login" duration-ms="14318" started-at="2021-12-02T09:50:36 IST" finished-at="2021-12-02T09:50:50 IST">
          <reporter-output>
          </reporter-output>
        </test-method> <!-- login -->
        <test-method status="PASS" signature="getusers()[pri:2, instance:APITEST.E_commerce@1440df3]" name="getusers" duration-ms="3247" started-at="2021-12-02T09:50:50 IST" finished-at="2021-12-02T09:50:54 IST">
          <reporter-output>
          </reporter-output>
        </test-method> <!-- getusers -->
        <test-method status="PASS" signature="delete()[pri:3, instance:APITEST.E_commerce@1440df3]" name="delete" duration-ms="1645" started-at="2021-12-02T09:50:54 IST" finished-at="2021-12-02T09:50:55 IST">
          <reporter-output>
          </reporter-output>
        </test-method> <!-- delete -->
      </class> <!-- APITEST.E_commerce -->
    </test> <!-- Test -->
  </suite> <!-- Suite -->
</testng-results>
