<?xml version="1.0" encoding="UTF-8"?>
<!-- Generated by org.testng.reporters.JUnitXMLReporter -->
<testsuite hostname="DESKTOP-L67F89V" ignored="1" name="Test" tests="5" failures="0" timestamp="2021-12-02T09:50:55 IST" time="19.298" errors="0">
  <testcase name="testcase1" time="0.008" classname="APITEST.Demo_Testng"/>
  <testcase name="tsetcase2" time="0.006" classname="APITEST.Demo_Testng"/>
  <testcase name="login" time="14.318" classname="APITEST.E_commerce"/>
  <testcase name="getusers" time="3.247" classname="APITEST.E_commerce"/>
  <testcase name="delete" time="1.645" classname="APITEST.E_commerce"/>
  <testcase name="sign_up" time="0.0" classname="APITEST.E_commerce">
    <ignored/>
  </testcase> <!-- sign_up -->
</testsuite> <!-- Test -->
