<?xml version="1.0" encoding="UTF-8"?>
<!-- Generated by org.testng.reporters.JUnitXMLReporter -->
<testsuite hostname="DESKTOP-L67F89V" ignored="2" name="Default test" tests="1" failures="0" timestamp="2021-12-02T09:31:59 IST" time="3.669" errors="0">
  <testcase name="createboard" time="3.612" classname="APITEST.trello"/>
  <testcase name="deleteboard" time="0.0" classname="APITEST.trello">
    <ignored/>
  </testcase> <!-- deleteboard -->
  <testcase name="getboard" time="0.0" classname="APITEST.trello">
    <ignored/>
  </testcase> <!-- getboard -->
</testsuite> <!-- Default test -->
